<?xml version="1.0" encoding="UTF-8"?>
<testsuites name="TS_RegressionTest" time="39.538" tests="2" failures="0" errors="0">
   <testsuite name="TS_RegressionTest" tests="2" failures="0" errors="0" time="39.538" timestamp="2019-10-28 11:50:02" hostname="bereket.araia - BAraia.mshome.net" id="Test Suites/TS_RegressionTest">
      <properties>
         <property name="deviceName" value=""/>
         <property name="devicePlatform" value=""/>
         <property name="logFolder" value="C:\\Automation\\ci-samples-master\\Reports\\20191028_114959\\TS_RegressionTest\\20191028_114959"/>
         <property name="logFiles" value="C:\\Automation\\ci-samples-master\\Reports\\20191028_114959\\TS_RegressionTest\\20191028_114959\\execution0.log"/>
         <property name="attachments" value="C:\\Automation\\ci-samples-master\\Reports\\20191028_114959\\TS_RegressionTest\\20191028_114959/videos\\test_1.avi, C:\\Automation\\ci-samples-master\\Reports\\20191028_114959\\TS_RegressionTest\\20191028_114959\\1572277837677.png, C:\\Automation\\ci-samples-master\\Reports\\20191028_114959\\TS_RegressionTest\\20191028_114959/videos\\test_2.avi"/>
         <property name="hostName" value="bereket.araia - BAraia.mshome.net"/>
         <property name="os" value="Windows 10 64bit"/>
         <property name="katalonVersion" value="7.0.3.1"/>
         <property name="browser" value="Chrome 77.0.3865.120"/>
         <property name="hostAddress" value="172.24.111.65"/>
         <property name="sessionId" value="4bf0289eb21da07703069ac3cbf371bc"/>
         <property name="seleniumVersion" value="3.141.59"/>
         <property name="proxyInformation" value="ProxyInformation{proxyOption=NO_PROXY, proxyServerType=HTTP, password=, proxyServerAddress=, proxyServerPort=0}"/>
         <property name="platform" value="Windows 10"/>
      </properties>
      <testcase name="Test Cases/Main Test Cases/TC1_Verify Successful Login" time="16.006" classname="Test Cases/Main Test Cases/TC1_Verify Successful Login" status="PASSED">
         <system-out><![CDATA[2019-10-28 11:50:03 - [TEST_CASE][PASSED] - Test Cases/Main Test Cases/TC1_Verify Successful Login: Test Cases/Main Test Cases/TC1_Verify Successful Login

2019-10-28 11:50:04 - [TEST_STEP][PASSED] - comment("Story: Login to CURA system"): Story: Login to CURA system

2019-10-28 11:50:04 - [MESSAGE][INFO] - Story: Login to CURA system

2019-10-28 11:50:04 - [TEST_STEP][PASSED] - comment("Given that the user has the valid login information"): Given that the user has the valid login information

2019-10-28 11:50:04 - [MESSAGE][INFO] - Given that the user has the valid login information

2019-10-28 11:50:04 - [TEST_STEP][PASSED] - openBrowser(G_SiteURL): Browser is opened with url: 'http://demoaut.katalon.com'

2019-10-28 11:50:04 - [MESSAGE][INFO] - Starting 'Chrome' driver

2019-10-28 11:50:05 - [MESSAGE][INFO] - Action delay is set to 0 seconds

2019-10-28 11:50:11 - [MESSAGE][PASSED] - Browser is opened with url: 'http://demoaut.katalon.com'

2019-10-28 11:50:11 - [TEST_STEP][PASSED] - click(findTestObject("Page_CuraHomepage/btn_MakeAppointment")): Object: 'Object Repository/Page_CuraHomepage/btn_MakeAppointment' is clicked on

2019-10-28 11:50:12 - [MESSAGE][PASSED] - Object: 'Object Repository/Page_CuraHomepage/btn_MakeAppointment' is clicked on

2019-10-28 11:50:12 - [TEST_STEP][PASSED] - setText(findTestObject("Page_Login/txt_UserName"), Username): Text 'John Doe' is set on object 'Object Repository/Page_Login/txt_UserName'

2019-10-28 11:50:13 - [MESSAGE][PASSED] - Text 'John Doe' is set on object 'Object Repository/Page_Login/txt_UserName'

2019-10-28 11:50:13 - [TEST_STEP][PASSED] - setText(findTestObject("Page_Login/txt_Password"), Password): Text 'ThisIsNotAPassword' is set on object 'Object Repository/Page_Login/txt_Password'

2019-10-28 11:50:14 - [MESSAGE][PASSED] - Text 'ThisIsNotAPassword' is set on object 'Object Repository/Page_Login/txt_Password'

2019-10-28 11:50:14 - [TEST_STEP][PASSED] - comment("When he logins to CURA system"): When he logins to CURA system

2019-10-28 11:50:14 - [MESSAGE][INFO] - When he logins to CURA system

2019-10-28 11:50:14 - [TEST_STEP][PASSED] - click(findTestObject("Page_Login/btn_Login")): Object: 'Object Repository/Page_Login/btn_Login' is clicked on

2019-10-28 11:50:15 - [MESSAGE][PASSED] - Object: 'Object Repository/Page_Login/btn_Login' is clicked on

2019-10-28 11:50:15 - [TEST_STEP][PASSED] - comment("Then he should be able to login successfully"): Then he should be able to login successfully

2019-10-28 11:50:15 - [MESSAGE][INFO] - Then he should be able to login successfully

2019-10-28 11:50:15 - [TEST_STEP][PASSED] - landingPage = verifyElementPresent(findTestObject("Page_CuraAppointment/div_Appointment"), G_Timeout): Object 'Object Repository/Page_CuraAppointment/div_Appointment' is present

2019-10-28 11:50:16 - [MESSAGE][PASSED] - Object 'Object Repository/Page_CuraAppointment/div_Appointment' is present

2019-10-28 11:50:16 - [TEST_STEP][PASSED] - closeBrowser(): Browser is closed

2019-10-28 11:50:17 - [MESSAGE][PASSED] - Browser is closed

2019-10-28 11:50:17 - [TEST_STEP][PASSED] - Start listener action : sampleAfterTestCase: null

2019-10-28 11:50:19 - [TEST_STEP][PASSED] - Video: Video recording for test case 'Test Cases/Main Test Cases/TC1_Verify Successful Login' .

2019-10-28 11:50:19 - [MESSAGE][INFO] - Video recording for test case 'Test Cases/Main Test Cases/TC1_Verify Successful Login' .
[[ATTACHMENT|C:\\Automation\\ci-samples-master\\Reports\\20191028_114959\\TS_RegressionTest\\20191028_114959/videos\\test_1.avi]]]]></system-out>
         <system-err><![CDATA[]]></system-err>
      </testcase>
      <testcase name="Test Cases/Main Test Cases/TC2_Verify Successful Appointment" time="22.072" classname="Test Cases/Main Test Cases/TC2_Verify Successful Appointment" status="PASSED">
         <system-out><![CDATA[2019-10-28 11:50:19 - [TEST_CASE][PASSED] - Test Cases/Main Test Cases/TC2_Verify Successful Appointment: Test Cases/Main Test Cases/TC2_Verify Successful Appointment

2019-10-28 11:50:19 - [TEST_STEP][PASSED] - comment("Story: Book an appointment"): Story: Book an appointment

2019-10-28 11:50:19 - [MESSAGE][INFO] - Story: Book an appointment

2019-10-28 11:50:19 - [TEST_STEP][PASSED] - comment("Given that the user has logged into their account"): Given that the user has logged into their account

2019-10-28 11:50:19 - [MESSAGE][INFO] - Given that the user has logged into their account

2019-10-28 11:50:19 - [TEST_STEP][PASSED] - openBrowser(G_SiteURL): Browser is opened with url: 'http://demoaut.katalon.com'

2019-10-28 11:50:19 - [MESSAGE][INFO] - Starting 'Chrome' driver

2019-10-28 11:50:23 - [MESSAGE][PASSED] - Browser is opened with url: 'http://demoaut.katalon.com'

2019-10-28 11:50:23 - [TEST_STEP][PASSED] - callTestCase(findTestCase("Common Test Cases/Login"), ["Username":"John Doe", "Password":"ThisIsNotAPassword"], STOP_ON_FAILURE): Call Test Case 'Test Cases/Common Test Cases/Login' successfully

2019-10-28 11:50:23 - [TEST_CASE][PASSED] - Test Cases/Common Test Cases/Login: Test Cases/Common Test Cases/Login

2019-10-28 11:50:23 - [TEST_STEP][PASSED] - click(findTestObject("Page_CuraHomepage/btn_MakeAppointment")): Object: 'Object Repository/Page_CuraHomepage/btn_MakeAppointment' is clicked on

2019-10-28 11:50:25 - [MESSAGE][PASSED] - Object: 'Object Repository/Page_CuraHomepage/btn_MakeAppointment' is clicked on

2019-10-28 11:50:25 - [TEST_STEP][PASSED] - setText(findTestObject("Page_Login/txt_UserName"), Username): Text 'John Doe' is set on object 'Object Repository/Page_Login/txt_UserName'

2019-10-28 11:50:26 - [MESSAGE][PASSED] - Text 'John Doe' is set on object 'Object Repository/Page_Login/txt_UserName'

2019-10-28 11:50:26 - [TEST_STEP][PASSED] - setText(findTestObject("Page_Login/txt_Password"), Password): Text 'ThisIsNotAPassword' is set on object 'Object Repository/Page_Login/txt_Password'

2019-10-28 11:50:27 - [MESSAGE][PASSED] - Text 'ThisIsNotAPassword' is set on object 'Object Repository/Page_Login/txt_Password'

2019-10-28 11:50:27 - [TEST_STEP][PASSED] - click(findTestObject("Page_Login/btn_Login")): Object: 'Object Repository/Page_Login/btn_Login' is clicked on

2019-10-28 11:50:28 - [MESSAGE][PASSED] - Object: 'Object Repository/Page_Login/btn_Login' is clicked on

2019-10-28 11:50:28 - [TEST_STEP][PASSED] - landingPage = verifyElementPresent(findTestObject("Page_CuraAppointment/div_Appointment"), G_Timeout): Object 'Object Repository/Page_CuraAppointment/div_Appointment' is present

2019-10-28 11:50:29 - [MESSAGE][PASSED] - Object 'Object Repository/Page_CuraAppointment/div_Appointment' is present

2019-10-28 11:50:29 - [MESSAGE][PASSED] - Call Test Case 'Test Cases/Common Test Cases/Login' successfully

2019-10-28 11:50:29 - [TEST_STEP][PASSED] - comment("And Appointment page is displayed"): And Appointment page is displayed

2019-10-28 11:50:29 - [MESSAGE][INFO] - And Appointment page is displayed

2019-10-28 11:50:29 - [TEST_STEP][PASSED] - if (true): Text 'Please make appointment as soon as possible.' is set on object 'Object Repository/Page_CuraAppointment/txt_Comment'

2019-10-28 11:50:29 - [TEST_STEP][PASSED] - selectOptionByLabel(findTestObject("Page_CuraAppointment/lst_Facility"), "Hongkong CURA Healthcare Center", false): All options with label 'Hongkong CURA Healthcare Center' are selected in object 'Object Repository/Page_CuraAppointment/lst_Facility' 

2019-10-28 11:50:30 - [MESSAGE][PASSED] - All options with label 'Hongkong CURA Healthcare Center' are selected in object 'Object Repository/Page_CuraAppointment/lst_Facility' 

2019-10-28 11:50:30 - [TEST_STEP][PASSED] - check(findTestObject("Page_CuraAppointment/chk_Medicaid")): Object 'Object Repository/Page_CuraAppointment/chk_Medicaid' is checked

2019-10-28 11:50:31 - [MESSAGE][PASSED] - Object 'Object Repository/Page_CuraAppointment/chk_Medicaid' is checked

2019-10-28 11:50:31 - [TEST_STEP][PASSED] - check(findTestObject("Page_CuraAppointment/chk_Readmission")): Object 'Object Repository/Page_CuraAppointment/chk_Readmission' is checked

2019-10-28 11:50:31 - [MESSAGE][PASSED] - Object 'Object Repository/Page_CuraAppointment/chk_Readmission' is checked

2019-10-28 11:50:31 - [TEST_STEP][PASSED] - setText(findTestObject("Page_CuraAppointment/txt_VisitDate"), "27/12/2016"): Text '27/12/2016' is set on object 'Object Repository/Page_CuraAppointment/txt_VisitDate'

2019-10-28 11:50:33 - [MESSAGE][PASSED] - Text '27/12/2016' is set on object 'Object Repository/Page_CuraAppointment/txt_VisitDate'

2019-10-28 11:50:33 - [TEST_STEP][PASSED] - setText(findTestObject("Page_CuraAppointment/txt_Comment"), "Please make appointment as soon as possible."): Text 'Please make appointment as soon as possible.' is set on object 'Object Repository/Page_CuraAppointment/txt_Comment'

2019-10-28 11:50:34 - [MESSAGE][PASSED] - Text 'Please make appointment as soon as possible.' is set on object 'Object Repository/Page_CuraAppointment/txt_Comment'

2019-10-28 11:50:34 - [TEST_STEP][PASSED] - comment("When he fills in valid information in Appointment page"): When he fills in valid information in Appointment page

2019-10-28 11:50:34 - [MESSAGE][INFO] - When he fills in valid information in Appointment page

2019-10-28 11:50:34 - [TEST_STEP][PASSED] - click(findTestObject("Page_CuraAppointment/btn_BookAppointment")): Object: 'Object Repository/Page_CuraAppointment/btn_BookAppointment' is clicked on

2019-10-28 11:50:35 - [MESSAGE][PASSED] - Object: 'Object Repository/Page_CuraAppointment/btn_BookAppointment' is clicked on

2019-10-28 11:50:35 - [TEST_STEP][PASSED] - verifyTextPresent("Appointment Confirmation", false): Text 'Appointment Confirmation' is present on page 

2019-10-28 11:50:35 - [MESSAGE][PASSED] - Text 'Appointment Confirmation' is present on page 

2019-10-28 11:50:35 - [TEST_STEP][PASSED] - comment("Then he should be able to book a new appointment"): Then he should be able to book a new appointment

2019-10-28 11:50:35 - [MESSAGE][INFO] - Then he should be able to book a new appointment

2019-10-28 11:50:35 - [TEST_STEP][PASSED] - if (true): Actual text 'Please make appointment as soon as possible.' and expected text 'Please make appointment as soon as possible.' are matched 

2019-10-28 11:50:35 - [TEST_STEP][PASSED] - verifyMatch("Hongkong CURA Healthcare Center", getText(findTestObject("Page_AppointmentConfirmation/lbl_Facility")), false): Actual text 'Hongkong CURA Healthcare Center' and expected text 'Hongkong CURA Healthcare Center' are matched 

2019-10-28 11:50:35 - [MESSAGE][PASSED] - Text of object 'Object Repository/Page_AppointmentConfirmation/lbl_Facility' is: 'Hongkong CURA Healthcare Center'

2019-10-28 11:50:35 - [MESSAGE][PASSED] - Actual text 'Hongkong CURA Healthcare Center' and expected text 'Hongkong CURA Healthcare Center' are matched 

2019-10-28 11:50:35 - [TEST_STEP][PASSED] - verifyMatch("Yes", getText(findTestObject("Page_AppointmentConfirmation/lbl_HospitalReadmission")), false): Actual text 'Yes' and expected text 'Yes' are matched 

2019-10-28 11:50:36 - [MESSAGE][PASSED] - Text of object 'Object Repository/Page_AppointmentConfirmation/lbl_HospitalReadmission' is: 'Yes'

2019-10-28 11:50:36 - [MESSAGE][PASSED] - Actual text 'Yes' and expected text 'Yes' are matched 

2019-10-28 11:50:36 - [TEST_STEP][PASSED] - verifyMatch("Medicaid", getText(findTestObject("Page_AppointmentConfirmation/lbl_Program")), false): Actual text 'Medicaid' and expected text 'Medicaid' are matched 

2019-10-28 11:50:36 - [MESSAGE][PASSED] - Text of object 'Object Repository/Page_AppointmentConfirmation/lbl_Program' is: 'Medicaid'

2019-10-28 11:50:36 - [MESSAGE][PASSED] - Actual text 'Medicaid' and expected text 'Medicaid' are matched 

2019-10-28 11:50:36 - [TEST_STEP][PASSED] - verifyMatch("27/12/2016", getText(findTestObject("Page_AppointmentConfirmation/lbl_VisitDate")), false): Actual text '27/12/2016' and expected text '27/12/2016' are matched 

2019-10-28 11:50:37 - [MESSAGE][PASSED] - Text of object 'Object Repository/Page_AppointmentConfirmation/lbl_VisitDate' is: '27/12/2016'

2019-10-28 11:50:37 - [MESSAGE][PASSED] - Actual text '27/12/2016' and expected text '27/12/2016' are matched 

2019-10-28 11:50:37 - [TEST_STEP][PASSED] - verifyMatch("Please make appointment as soon as possible.", getText(findTestObject("Page_AppointmentConfirmation/lbl_Comment")), false): Actual text 'Please make appointment as soon as possible.' and expected text 'Please make appointment as soon as possible.' are matched 

2019-10-28 11:50:37 - [MESSAGE][PASSED] - Text of object 'Object Repository/Page_AppointmentConfirmation/lbl_Comment' is: 'Please make appointment as soon as possible.'

2019-10-28 11:50:37 - [MESSAGE][PASSED] - Actual text 'Please make appointment as soon as possible.' and expected text 'Please make appointment as soon as possible.' are matched 

2019-10-28 11:50:37 - [TEST_STEP][PASSED] - takeScreenshot(): Taking screenshot successfully

2019-10-28 11:50:38 - [MESSAGE][PASSED] - Taking screenshot successfully
[[ATTACHMENT|C:\\Automation\\ci-samples-master\\Reports\\20191028_114959\\TS_RegressionTest\\20191028_114959\\1572277837677.png]]

2019-10-28 11:50:38 - [TEST_STEP][PASSED] - closeBrowser(): Browser is closed

2019-10-28 11:50:39 - [MESSAGE][PASSED] - Browser is closed

2019-10-28 11:50:39 - [TEST_STEP][PASSED] - Start listener action : sampleAfterTestCase: null

2019-10-28 11:50:41 - [TEST_STEP][PASSED] - Video: Video recording for test case 'Test Cases/Main Test Cases/TC2_Verify Successful Appointment' .

2019-10-28 11:50:41 - [MESSAGE][INFO] - Video recording for test case 'Test Cases/Main Test Cases/TC2_Verify Successful Appointment' .
[[ATTACHMENT|C:\\Automation\\ci-samples-master\\Reports\\20191028_114959\\TS_RegressionTest\\20191028_114959/videos\\test_2.avi]]]]></system-out>
         <system-err><![CDATA[]]></system-err>
      </testcase>
      <system-out><![CDATA[2019-10-28 11:50:02 - [TEST_SUITE][PASSED] - TS_RegressionTest: Test Cases/Main Test Cases/TC2_Verify Successful Appointment]]></system-out>
      <system-err><![CDATA[]]></system-err>
   </testsuite>
</testsuites>
